<?xml version="1.0" encoding="UTF-8"?>
<!-- Generated by org.testng.reporters.JUnitReportReporter -->
<testsuite hostname="Sampadas-Air.attlocal.net" failures="0" tests="5" name="practiceProject.test_get" time="4.698" errors="0" timestamp="2023-05-22T17:47:17 CDT" skipped="0">
  <testcase classname="practiceProject.test_get" name="test_1" time="3.393"/>
  <system-out/>
  <testcase classname="practiceProject.test_get" name="test_5" time="0.341"/>
  <system-out/>
  <testcase classname="practiceProject.test_get" name="test_3" time="0.392"/>
  <system-out/>
  <testcase classname="practiceProject.test_get" name="test_4" time="0.377"/>
  <system-out/>
  <testcase classname="practiceProject.test_get" name="test_2" time="0.195"/>
  <system-out/>
</testsuite> <!-- practiceProject.test_get -->
